Running: /opt/Xilinx/14.7/ISE_DS/ISE/bin/lin64/unwrapped/fuse -intstyle ise -incremental -lib unisims_ver -lib unimacro_ver -lib xilinxcorelib_ver -lib secureip -o /home/ise/D_DRIVE/UART/uart-simulator/DuplexTest_isim_beh.exe -prj /home/ise/D_DRIVE/UART/uart-simulator/DuplexTest_beh.prj work.DuplexTest work.glbl 
ISim P.20131013 (signature 0xfbc00daa)
Number of CPUs detected in this system: 1
Turning on mult-threading, number of parallel sub-compilation jobs: 0 
Determining compilation order of HDL files
Analyzing Verilog file "/home/ise/D_DRIVE/UART/uart-simulator/../rtl/SIPO.v" into library work
Analyzing Verilog file "/home/ise/D_DRIVE/UART/uart-simulator/../rtl/PISO.v" into library work
Analyzing Verilog file "/home/ise/D_DRIVE/UART/uart-simulator/../rtl/Parity.v" into library work
Analyzing Verilog file "/home/ise/D_DRIVE/UART/uart-simulator/../rtl/ErrorCheck.v" into library work
Analyzing Verilog file "/home/ise/D_DRIVE/UART/uart-simulator/../rtl/DeFrame.v" into library work
Analyzing Verilog file "/home/ise/D_DRIVE/UART/uart-simulator/../rtl/BaudGenT.v" into library work
Analyzing Verilog file "/home/ise/D_DRIVE/UART/uart-simulator/../rtl/BaudGenR.v" into library work
Analyzing Verilog file "/home/ise/D_DRIVE/UART/uart-simulator/../rtl/TxUnit.v" into library work
Analyzing Verilog file "/home/ise/D_DRIVE/UART/uart-simulator/../rtl/RxUnit.v" into library work
Analyzing Verilog file "/home/ise/D_DRIVE/UART/uart-simulator/../tb/Duplex.v" into library work
Analyzing Verilog file "/home/ise/D_DRIVE/UART/uart-simulator/../tb/DuplexTest.v" into library work
Analyzing Verilog file "/opt/Xilinx/14.7/ISE_DS/ISE//verilog/src/glbl.v" into library work
Starting static elaboration
Completed static elaboration
Fuse Memory Usage: 95080 KB
Fuse CPU Usage: 1250 ms
Compiling module BaudGenT
Compiling module Parity
Compiling module PISO
Compiling module TxUnit
Compiling module BaudGenR
Compiling module SIPO
Compiling module DeFrame
Compiling module ErrorCheck
Compiling module RxUnit
Compiling module Duplex
Compiling module DuplexTest
Compiling module glbl
Time Resolution for simulation is 1ps.
Compiled 12 Verilog Units
Built simulation executable /home/ise/D_DRIVE/UART/uart-simulator/DuplexTest_isim_beh.exe
Fuse Memory Usage: 98188 KB
Fuse CPU Usage: 1360 ms
GCC CPU Usage: 910 ms
