ISim log file
Running: /home/ise/D_DRIVE/UART/uart-simulator/DuplexTest_isim_beh.exe -intstyle ise -gui -tclbatch isim.cmd -wdb /home/ise/D_DRIVE/UART/uart-simulator/DuplexTest_isim_beh.wdb 
ISim P.20131013 (signature 0xfbc00daa)
----------------------------------------------------------------------
WARNING:Security:42 - Your software subscription period has lapsed. Your current version of Xilinx tools will continue to function, but you no longer qualify for Xilinx software updates or new releases.


----------------------------------------------------------------------
This is a Full version of ISim.
Time resolution is 1 ps
# onerror resume
# wave add /
# run 1000 ns
Simulator is doing circuit initialization process.
Finished circuit initialization process.
                   0   The Outputs:  Data Out = ff  Error Flag = 000  Tx Active Flag = x  Tx Done Flag = x  Rx Active Flag = x  Rx Done Flag = 1  The Inputs:   Reset = 0  Send = 1  Data In = aa  Parity Type = 01  Baud Rate = 10 
                  10   The Outputs:  Data Out = ff  Error Flag = 000  Tx Active Flag = x  Tx Done Flag = x  Rx Active Flag = x  Rx Done Flag = 0  The Inputs:   Reset = 1  Send = 1  Data In = aa  Parity Type = 01  Baud Rate = 10 
# run 1s
                3270   The Outputs:  Data Out = ff  Error Flag = 000  Tx Active Flag = x  Tx Done Flag = x  Rx Active Flag = 0  Rx Done Flag = 0  The Inputs:   Reset = 1  Send = 1  Data In = aa  Parity Type = 01  Baud Rate = 10 
               52090   The Outputs:  Data Out = ff  Error Flag = 000  Tx Active Flag = 0  Tx Done Flag = 1  Rx Active Flag = 0  Rx Done Flag = 0  The Inputs:   Reset = 1  Send = 1  Data In = aa  Parity Type = 01  Baud Rate = 10 
              156290   The Outputs:  Data Out = ff  Error Flag = 000  Tx Active Flag = 1  Tx Done Flag = 0  Rx Active Flag = 0  Rx Done Flag = 0  The Inputs:   Reset = 1  Send = 1  Data In = aa  Parity Type = 01  Baud Rate = 10 
              160710   The Outputs:  Data Out = ff  Error Flag = 000  Tx Active Flag = 1  Tx Done Flag = 0  Rx Active Flag = 1  Rx Done Flag = 0  The Inputs:   Reset = 1  Send = 1  Data In = aa  Parity Type = 01  Baud Rate = 10 
             1269350   The Outputs:  Data Out = aa  Error Flag = 000  Tx Active Flag = 1  Tx Done Flag = 0  Rx Active Flag = 0  Rx Done Flag = 1  The Inputs:   Reset = 1  Send = 1  Data In = aa  Parity Type = 01  Baud Rate = 10 
             1300000   The Outputs:  Data Out = aa  Error Flag = 000  Tx Active Flag = 1  Tx Done Flag = 0  Rx Active Flag = 0  Rx Done Flag = 1  The Inputs:   Reset = 1  Send = 1  Data In = 5c  Parity Type = 01  Baud Rate = 10 
             1302490   The Outputs:  Data Out = aa  Error Flag = 000  Tx Active Flag = 0  Tx Done Flag = 1  Rx Active Flag = 0  Rx Done Flag = 1  The Inputs:   Reset = 1  Send = 1  Data In = 5c  Parity Type = 01  Baud Rate = 10 
             1374310   The Outputs:  Data Out = ff  Error Flag = 000  Tx Active Flag = 0  Tx Done Flag = 1  Rx Active Flag = 0  Rx Done Flag = 0  The Inputs:   Reset = 1  Send = 1  Data In = 5c  Parity Type = 01  Baud Rate = 10 
             1390000   The Outputs:  Data Out = ff  Error Flag = 000  Tx Active Flag = 0  Tx Done Flag = 1  Rx Active Flag = 0  Rx Done Flag = 0  The Inputs:   Reset = 1  Send = 1  Data In = 5c  Parity Type = 10  Baud Rate = 11 
             1760450   The Outputs:  Data Out = ff  Error Flag = 000  Tx Active Flag = 1  Tx Done Flag = 0  Rx Active Flag = 0  Rx Done Flag = 0  The Inputs:   Reset = 1  Send = 1  Data In = 5c  Parity Type = 10  Baud Rate = 11 
             1762150   The Outputs:  Data Out = ff  Error Flag = 000  Tx Active Flag = 1  Tx Done Flag = 0  Rx Active Flag = 1  Rx Done Flag = 0  The Inputs:   Reset = 1  Send = 1  Data In = 5c  Parity Type = 10  Baud Rate = 11 
             2316470   The Outputs:  Data Out = 5c  Error Flag = 001  Tx Active Flag = 1  Tx Done Flag = 0  Rx Active Flag = 0  Rx Done Flag = 1  The Inputs:   Reset = 1  Send = 1  Data In = 5c  Parity Type = 10  Baud Rate = 11 
             2333770   The Outputs:  Data Out = 5c  Error Flag = 001  Tx Active Flag = 0  Tx Done Flag = 1  Rx Active Flag = 0  Rx Done Flag = 1  The Inputs:   Reset = 1  Send = 1  Data In = 5c  Parity Type = 10  Baud Rate = 11 
             2368950   The Outputs:  Data Out = ff  Error Flag = 000  Tx Active Flag = 0  Tx Done Flag = 1  Rx Active Flag = 0  Rx Done Flag = 0  The Inputs:   Reset = 1  Send = 1  Data In = 5c  Parity Type = 10  Baud Rate = 11 
             2438010   The Outputs:  Data Out = ff  Error Flag = 000  Tx Active Flag = 1  Tx Done Flag = 0  Rx Active Flag = 0  Rx Done Flag = 0  The Inputs:   Reset = 1  Send = 1  Data In = 5c  Parity Type = 10  Baud Rate = 11 
             2441110   The Outputs:  Data Out = ff  Error Flag = 000  Tx Active Flag = 1  Tx Done Flag = 0  Rx Active Flag = 1  Rx Done Flag = 0  The Inputs:   Reset = 1  Send = 1  Data In = 5c  Parity Type = 10  Baud Rate = 11 
Stopped at time : 2450 us :  in File "/home/ise/D_DRIVE/UART/tb/DuplexTest.v" Line 104 
